This file contains any messages produced by compilers while
running configure, to aid debugging if configure makes a mistake.

It was created by Tenes Empanadas Graciela configure 0.12, which was
generated by GNU Autoconf 2.67.  Invocation command line was

  $ ./configure --no-create --no-recursion

## --------- ##
## Platform. ##
## --------- ##

hostname = jeroen
uname -m = x86_64
uname -r = 2.6.38-11-generic
uname -s = Linux
uname -v = #48-Ubuntu SMP Fri Jul 29 19:02:55 UTC 2011

/usr/bin/uname -p = unknown
/bin/uname -X     = unknown

/bin/arch              = unknown
/usr/bin/arch -k       = unknown
/usr/convex/getsysinfo = unknown
/usr/bin/hostinfo      = unknown
/bin/machine           = unknown
/usr/bin/oslevel       = unknown
/bin/universe          = unknown

PATH: /usr/local/sbin
PATH: /usr/local/bin
PATH: /usr/sbin
PATH: /usr/bin
PATH: /sbin
PATH: /bin
PATH: /usr/games
PATH: /home/jeroen/scripts


## ----------- ##
## Core tests. ##
## ----------- ##

configure:2643: checking for a BSD-compatible install
configure:2711: result: /usr/bin/install -c
configure:2722: checking whether build environment is sane
configure:2772: result: yes
configure:2913: checking for a thread-safe mkdir -p
configure:2952: result: /bin/mkdir -p
configure:2965: checking for gawk
configure:2981: found /usr/bin/gawk
configure:2992: result: gawk
configure:3003: checking whether make sets $(MAKE)
configure:3025: result: yes
configure:3110: checking whether to enable maintainer-specific portions of Makefiles
configure:3119: result: no
configure:3182: checking for gcc
configure:3198: found /usr/bin/gcc
configure:3209: result: gcc
configure:3438: checking for C compiler version
configure:3447: gcc --version >&5
gcc (Ubuntu/Linaro 4.5.2-8ubuntu4) 4.5.2
Copyright (C) 2010 Free Software Foundation, Inc.
This is free software; see the source for copying conditions.  There is NO
warranty; not even for MERCHANTABILITY or FITNESS FOR A PARTICULAR PURPOSE.

configure:3458: $? = 0
configure:3447: gcc -v >&5
Using built-in specs.
COLLECT_GCC=gcc
COLLECT_LTO_WRAPPER=/usr/lib/x86_64-linux-gnu/gcc/x86_64-linux-gnu/4.5.2/lto-wrapper
Target: x86_64-linux-gnu
Configured with: ../src/configure -v --with-pkgversion='Ubuntu/Linaro 4.5.2-8ubuntu4' --with-bugurl=file:///usr/share/doc/gcc-4.5/README.Bugs --enable-languages=c,c++,fortran,objc,obj-c++ --prefix=/usr --program-suffix=-4.5 --enable-shared --enable-multiarch --with-multiarch-defaults=x86_64-linux-gnu --enable-linker-build-id --with-system-zlib --libexecdir=/usr/lib/x86_64-linux-gnu --without-included-gettext --enable-threads=posix --with-gxx-include-dir=/usr/include/c++/4.5 --libdir=/usr/lib/x86_64-linux-gnu --enable-nls --with-sysroot=/ --enable-clocale=gnu --enable-libstdcxx-debug --enable-libstdcxx-time=yes --enable-plugin --enable-gold --enable-ld=default --with-plugin-ld=ld.gold --enable-objc-gc --disable-werror --with-arch-32=i686 --with-tune=generic --enable-checking=release --build=x86_64-linux-gnu --host=x86_64-linux-gnu --target=x86_64-linux-gnu
Thread model: posix
gcc version 4.5.2 (Ubuntu/Linaro 4.5.2-8ubuntu4) 
configure:3458: $? = 0
configure:3447: gcc -V >&5
gcc: '-V' option must have argument
configure:3458: $? = 1
configure:3447: gcc -qversion >&5
gcc: unrecognized option '-qversion'
gcc: no input files
configure:3458: $? = 1
configure:3478: checking whether the C compiler works
configure:3500: gcc    conftest.c  >&5
configure:3504: $? = 0
configure:3552: result: yes
configure:3555: checking for C compiler default output file name
configure:3557: result: a.out
configure:3563: checking for suffix of executables
configure:3570: gcc -o conftest    conftest.c  >&5
configure:3574: $? = 0
configure:3596: result: 
configure:3618: checking whether we are cross compiling
configure:3626: gcc -o conftest    conftest.c  >&5
configure:3630: $? = 0
configure:3637: ./conftest
configure:3641: $? = 0
configure:3656: result: no
configure:3661: checking for suffix of object files
configure:3683: gcc -c   conftest.c >&5
configure:3687: $? = 0
configure:3708: result: o
configure:3712: checking whether we are using the GNU C compiler
configure:3731: gcc -c   conftest.c >&5
configure:3731: $? = 0
configure:3740: result: yes
configure:3749: checking whether gcc accepts -g
configure:3769: gcc -c -g  conftest.c >&5
configure:3769: $? = 0
configure:3810: result: yes
configure:3827: checking for gcc option to accept ISO C89
configure:3891: gcc  -c -g -O2  conftest.c >&5
configure:3891: $? = 0
configure:3904: result: none needed
configure:3935: checking for style of include used by make
configure:3963: result: GNU
configure:3988: checking dependency style of gcc
configure:4098: result: gcc3
configure:4118: checking how to run the C preprocessor
configure:4149: gcc -E  conftest.c
configure:4149: $? = 0
configure:4163: gcc -E  conftest.c
conftest.c:11:28: fatal error: ac_nonexistent.h: No such file or directory
compilation terminated.
configure:4163: $? = 1
configure: failed program was:
| /* confdefs.h */
| #define PACKAGE_NAME "Tenes Empanadas Graciela"
| #define PACKAGE_TARNAME "teg"
| #define PACKAGE_VERSION "0.12"
| #define PACKAGE_STRING "Tenes Empanadas Graciela 0.12"
| #define PACKAGE_BUGREPORT "teg-list@lists.sourceforge.net"
| #define PACKAGE_URL ""
| #define PACKAGE "teg"
| #define VERSION "0.12"
| /* end confdefs.h.  */
| #include <ac_nonexistent.h>
configure:4188: result: gcc -E
configure:4208: gcc -E  conftest.c
configure:4208: $? = 0
configure:4222: gcc -E  conftest.c
conftest.c:11:28: fatal error: ac_nonexistent.h: No such file or directory
compilation terminated.
configure:4222: $? = 1
configure: failed program was:
| /* confdefs.h */
| #define PACKAGE_NAME "Tenes Empanadas Graciela"
| #define PACKAGE_TARNAME "teg"
| #define PACKAGE_VERSION "0.12"
| #define PACKAGE_STRING "Tenes Empanadas Graciela 0.12"
| #define PACKAGE_BUGREPORT "teg-list@lists.sourceforge.net"
| #define PACKAGE_URL ""
| #define PACKAGE "teg"
| #define VERSION "0.12"
| /* end confdefs.h.  */
| #include <ac_nonexistent.h>
configure:4308: checking for g++
configure:4324: found /usr/bin/g++
configure:4335: result: g++
configure:4362: checking for C++ compiler version
configure:4371: g++ --version >&5
g++ (Ubuntu/Linaro 4.5.2-8ubuntu4) 4.5.2
Copyright (C) 2010 Free Software Foundation, Inc.
This is free software; see the source for copying conditions.  There is NO
warranty; not even for MERCHANTABILITY or FITNESS FOR A PARTICULAR PURPOSE.

configure:4382: $? = 0
configure:4371: g++ -v >&5
Using built-in specs.
COLLECT_GCC=g++
COLLECT_LTO_WRAPPER=/usr/lib/x86_64-linux-gnu/gcc/x86_64-linux-gnu/4.5.2/lto-wrapper
Target: x86_64-linux-gnu
Configured with: ../src/configure -v --with-pkgversion='Ubuntu/Linaro 4.5.2-8ubuntu4' --with-bugurl=file:///usr/share/doc/gcc-4.5/README.Bugs --enable-languages=c,c++,fortran,objc,obj-c++ --prefix=/usr --program-suffix=-4.5 --enable-shared --enable-multiarch --with-multiarch-defaults=x86_64-linux-gnu --enable-linker-build-id --with-system-zlib --libexecdir=/usr/lib/x86_64-linux-gnu --without-included-gettext --enable-threads=posix --with-gxx-include-dir=/usr/include/c++/4.5 --libdir=/usr/lib/x86_64-linux-gnu --enable-nls --with-sysroot=/ --enable-clocale=gnu --enable-libstdcxx-debug --enable-libstdcxx-time=yes --enable-plugin --enable-gold --enable-ld=default --with-plugin-ld=ld.gold --enable-objc-gc --disable-werror --with-arch-32=i686 --with-tune=generic --enable-checking=release --build=x86_64-linux-gnu --host=x86_64-linux-gnu --target=x86_64-linux-gnu
Thread model: posix
gcc version 4.5.2 (Ubuntu/Linaro 4.5.2-8ubuntu4) 
configure:4382: $? = 0
configure:4371: g++ -V >&5
g++: '-V' option must have argument
configure:4382: $? = 1
configure:4371: g++ -qversion >&5
g++: unrecognized option '-qversion'
g++: no input files
configure:4382: $? = 1
configure:4386: checking whether we are using the GNU C++ compiler
configure:4405: g++ -c   conftest.cpp >&5
configure:4405: $? = 0
configure:4414: result: yes
configure:4423: checking whether g++ accepts -g
configure:4443: g++ -c -g  conftest.cpp >&5
configure:4443: $? = 0
configure:4484: result: yes
configure:4509: checking dependency style of g++
configure:4619: result: gcc3
configure:4635: checking whether NLS is requested
configure:4644: result: yes
configure:4660: checking for intltool >= 0.29
configure:4667: result: 0.41.1 found
configure:4675: checking for intltool-update
configure:4693: found /usr/bin/intltool-update
configure:4705: result: /usr/bin/intltool-update
configure:4715: checking for intltool-merge
configure:4733: found /usr/bin/intltool-merge
configure:4745: result: /usr/bin/intltool-merge
configure:4755: checking for intltool-extract
configure:4773: found /usr/bin/intltool-extract
configure:4785: result: /usr/bin/intltool-extract
configure:4916: checking for xgettext
configure:4934: found /usr/bin/xgettext
configure:4946: result: /usr/bin/xgettext
configure:4956: checking for msgmerge
configure:4974: found /usr/bin/msgmerge
configure:4986: result: /usr/bin/msgmerge
configure:4996: checking for msgfmt
configure:5014: found /usr/bin/msgfmt
configure:5026: result: /usr/bin/msgfmt
configure:5036: checking for gmsgfmt
configure:5067: result: /usr/bin/msgfmt
configure:5087: checking for perl
configure:5105: found /usr/bin/perl
configure:5117: result: /usr/bin/perl
configure:5128: checking for perl >= 5.8.1
configure:5135: result: 5.10.1
configure:5139: checking for XML::Parser
configure:5142: result: ok
configure:5167: gcc -o conftest -g -O2   conftest.c  >&5
configure:5167: $? = 0
configure:5222: checking build system type
configure:5236: result: x86_64-unknown-linux-gnu
configure:5256: checking host system type
configure:5269: result: x86_64-unknown-linux-gnu
configure:5289: checking for a sed that does not truncate output
configure:5353: result: /bin/sed
configure:5371: checking for grep that handles long lines and -e
configure:5429: result: /bin/grep
configure:5434: checking for egrep
configure:5496: result: /bin/grep -E
configure:5501: checking for fgrep
configure:5563: result: /bin/grep -F
configure:5598: checking for ld used by gcc
configure:5665: result: /usr/bin/ld
configure:5672: checking if the linker (/usr/bin/ld) is GNU ld
configure:5687: result: yes
configure:5699: checking for BSD- or MS-compatible name lister (nm)
configure:5748: result: /usr/bin/nm -B
configure:5866: checking the name lister (/usr/bin/nm -B) interface
configure:5873: gcc -c -g -O2  conftest.c >&5
configure:5876: /usr/bin/nm -B "conftest.o"
configure:5879: output
0000000000000000 B some_variable
configure:5886: result: BSD nm
configure:5889: checking whether ln -s works
configure:5893: result: yes
configure:5901: checking the maximum length of command line arguments
configure:6021: result: 3458764513820540925
configure:6038: checking whether the shell understands some XSI constructs
configure:6048: result: yes
configure:6052: checking whether the shell understands "+="
configure:6058: result: yes
configure:6093: checking for /usr/bin/ld option to reload object files
configure:6100: result: -r
configure:6169: checking for objdump
configure:6185: found /usr/bin/objdump
configure:6196: result: objdump
configure:6228: checking how to recognize dependent libraries
configure:6424: result: pass_all
configure:6484: checking for ar
configure:6500: found /usr/bin/ar
configure:6511: result: ar
configure:6589: checking for strip
configure:6605: found /usr/bin/strip
configure:6616: result: strip
configure:6688: checking for ranlib
configure:6704: found /usr/bin/ranlib
configure:6715: result: ranlib
configure:6805: checking command to parse /usr/bin/nm -B output from gcc object
configure:6923: gcc -c -g -O2  conftest.c >&5
configure:6926: $? = 0
configure:6930: /usr/bin/nm -B conftest.o \| sed -n -e 's/^.*[	 ]\([ABCDGIRSTW][ABCDGIRSTW]*\)[	 ][	 ]*\([_A-Za-z][_A-Za-z0-9]*\)$/\1 \2 \2/p' \> conftest.nm
configure:6933: $? = 0
configure:6987: gcc -o conftest -g -O2   conftest.c conftstm.o >&5
configure:6990: $? = 0
configure:7028: result: ok
configure:7123: gcc -c -g -O2  conftest.c >&5
configure:7126: $? = 0
configure:7832: checking for ANSI C header files
configure:7852: gcc -c -g -O2  conftest.c >&5
configure:7852: $? = 0
configure:7925: gcc -o conftest -g -O2   conftest.c  >&5
configure:7925: $? = 0
configure:7925: ./conftest
configure:7925: $? = 0
configure:7936: result: yes
configure:7949: checking for sys/types.h
configure:7949: gcc -c -g -O2  conftest.c >&5
configure:7949: $? = 0
configure:7949: result: yes
configure:7949: checking for sys/stat.h
configure:7949: gcc -c -g -O2  conftest.c >&5
configure:7949: $? = 0
configure:7949: result: yes
configure:7949: checking for stdlib.h
configure:7949: gcc -c -g -O2  conftest.c >&5
configure:7949: $? = 0
configure:7949: result: yes
configure:7949: checking for string.h
configure:7949: gcc -c -g -O2  conftest.c >&5
configure:7949: $? = 0
configure:7949: result: yes
configure:7949: checking for memory.h
configure:7949: gcc -c -g -O2  conftest.c >&5
configure:7949: $? = 0
configure:7949: result: yes
configure:7949: checking for strings.h
configure:7949: gcc -c -g -O2  conftest.c >&5
configure:7949: $? = 0
configure:7949: result: yes
configure:7949: checking for inttypes.h
configure:7949: gcc -c -g -O2  conftest.c >&5
configure:7949: $? = 0
configure:7949: result: yes
configure:7949: checking for stdint.h
configure:7949: gcc -c -g -O2  conftest.c >&5
configure:7949: $? = 0
configure:7949: result: yes
configure:7949: checking for unistd.h
configure:7949: gcc -c -g -O2  conftest.c >&5
configure:7949: $? = 0
configure:7949: result: yes
configure:7963: checking for dlfcn.h
configure:7963: gcc -c -g -O2  conftest.c >&5
configure:7963: $? = 0
configure:7963: result: yes
configure:8088: checking for C++ compiler version
configure:8097: g++ --version >&5
g++ (Ubuntu/Linaro 4.5.2-8ubuntu4) 4.5.2
Copyright (C) 2010 Free Software Foundation, Inc.
This is free software; see the source for copying conditions.  There is NO
warranty; not even for MERCHANTABILITY or FITNESS FOR A PARTICULAR PURPOSE.

configure:8108: $? = 0
configure:8097: g++ -v >&5
Using built-in specs.
COLLECT_GCC=g++
COLLECT_LTO_WRAPPER=/usr/lib/x86_64-linux-gnu/gcc/x86_64-linux-gnu/4.5.2/lto-wrapper
Target: x86_64-linux-gnu
Configured with: ../src/configure -v --with-pkgversion='Ubuntu/Linaro 4.5.2-8ubuntu4' --with-bugurl=file:///usr/share/doc/gcc-4.5/README.Bugs --enable-languages=c,c++,fortran,objc,obj-c++ --prefix=/usr --program-suffix=-4.5 --enable-shared --enable-multiarch --with-multiarch-defaults=x86_64-linux-gnu --enable-linker-build-id --with-system-zlib --libexecdir=/usr/lib/x86_64-linux-gnu --without-included-gettext --enable-threads=posix --with-gxx-include-dir=/usr/include/c++/4.5 --libdir=/usr/lib/x86_64-linux-gnu --enable-nls --with-sysroot=/ --enable-clocale=gnu --enable-libstdcxx-debug --enable-libstdcxx-time=yes --enable-plugin --enable-gold --enable-ld=default --with-plugin-ld=ld.gold --enable-objc-gc --disable-werror --with-arch-32=i686 --with-tune=generic --enable-checking=release --build=x86_64-linux-gnu --host=x86_64-linux-gnu --target=x86_64-linux-gnu
Thread model: posix
gcc version 4.5.2 (Ubuntu/Linaro 4.5.2-8ubuntu4) 
configure:8108: $? = 0
configure:8097: g++ -V >&5
g++: '-V' option must have argument
configure:8108: $? = 1
configure:8097: g++ -qversion >&5
g++: unrecognized option '-qversion'
g++: no input files
configure:8108: $? = 1
configure:8112: checking whether we are using the GNU C++ compiler
configure:8140: result: yes
configure:8149: checking whether g++ accepts -g
configure:8210: result: yes
configure:8235: checking dependency style of g++
configure:8345: result: gcc3
configure:8368: checking how to run the C++ preprocessor
configure:8395: g++ -E  conftest.cpp
configure:8395: $? = 0
configure:8409: g++ -E  conftest.cpp
conftest.cpp:22:28: fatal error: ac_nonexistent.h: No such file or directory
compilation terminated.
configure:8409: $? = 1
configure: failed program was:
| /* confdefs.h */
| #define PACKAGE_NAME "Tenes Empanadas Graciela"
| #define PACKAGE_TARNAME "teg"
| #define PACKAGE_VERSION "0.12"
| #define PACKAGE_STRING "Tenes Empanadas Graciela 0.12"
| #define PACKAGE_BUGREPORT "teg-list@lists.sourceforge.net"
| #define PACKAGE_URL ""
| #define PACKAGE "teg"
| #define VERSION "0.12"
| #define STDC_HEADERS 1
| #define HAVE_SYS_TYPES_H 1
| #define HAVE_SYS_STAT_H 1
| #define HAVE_STDLIB_H 1
| #define HAVE_STRING_H 1
| #define HAVE_MEMORY_H 1
| #define HAVE_STRINGS_H 1
| #define HAVE_INTTYPES_H 1
| #define HAVE_STDINT_H 1
| #define HAVE_UNISTD_H 1
| #define HAVE_DLFCN_H 1
| /* end confdefs.h.  */
| #include <ac_nonexistent.h>
configure:8434: result: g++ -E
configure:8454: g++ -E  conftest.cpp
configure:8454: $? = 0
configure:8468: g++ -E  conftest.cpp
conftest.cpp:22:28: fatal error: ac_nonexistent.h: No such file or directory
compilation terminated.
configure:8468: $? = 1
configure: failed program was:
| /* confdefs.h */
| #define PACKAGE_NAME "Tenes Empanadas Graciela"
| #define PACKAGE_TARNAME "teg"
| #define PACKAGE_VERSION "0.12"
| #define PACKAGE_STRING "Tenes Empanadas Graciela 0.12"
| #define PACKAGE_BUGREPORT "teg-list@lists.sourceforge.net"
| #define PACKAGE_URL ""
| #define PACKAGE "teg"
| #define VERSION "0.12"
| #define STDC_HEADERS 1
| #define HAVE_SYS_TYPES_H 1
| #define HAVE_SYS_STAT_H 1
| #define HAVE_STDLIB_H 1
| #define HAVE_STRING_H 1
| #define HAVE_MEMORY_H 1
| #define HAVE_STRINGS_H 1
| #define HAVE_INTTYPES_H 1
| #define HAVE_STDINT_H 1
| #define HAVE_UNISTD_H 1
| #define HAVE_DLFCN_H 1
| /* end confdefs.h.  */
| #include <ac_nonexistent.h>
configure:8674: checking for objdir
configure:8689: result: .libs
configure:8985: checking if gcc supports -fno-rtti -fno-exceptions
configure:9003: gcc -c -g -O2  -fno-rtti -fno-exceptions conftest.c >&5
cc1: warning: command line option "-fno-rtti" is valid for C++/ObjC++ but not for C
configure:9007: $? = 0
configure:9020: result: no
configure:9040: checking for gcc option to produce PIC
configure:9312: result: -fPIC -DPIC
configure:9324: checking if gcc PIC flag -fPIC -DPIC works
configure:9342: gcc -c -g -O2  -fPIC -DPIC -DPIC conftest.c >&5
configure:9346: $? = 0
configure:9359: result: yes
configure:9383: checking if gcc static flag -static works
configure:9411: result: yes
configure:9426: checking if gcc supports -c -o file.o
configure:9447: gcc -c -g -O2  -o out/conftest2.o conftest.c >&5
configure:9451: $? = 0
configure:9473: result: yes
configure:9481: checking if gcc supports -c -o file.o
configure:9528: result: yes
configure:9561: checking whether the gcc linker (/usr/bin/ld -m elf_x86_64) supports shared libraries
configure:10552: result: yes
configure:10589: checking whether -lc should be explicitly linked in
configure:10594: gcc -c -g -O2  conftest.c >&5
configure:10597: $? = 0
configure:10612: gcc -shared conftest.o  -v -Wl,-soname -Wl,conftest -o conftest 2\>\&1 \| /bin/grep  -lc  \>/dev/null 2\>\&1
configure:10615: $? = 0
configure:10627: result: no
configure:10791: checking dynamic linker characteristics
configure:11224: gcc -o conftest -g -O2   -Wl,-rpath -Wl,/foo conftest.c  >&5
configure:11224: $? = 0
configure:11454: result: GNU/Linux ld.so
configure:11556: checking how to hardcode library paths into programs
configure:11581: result: immediate
configure:12101: checking whether stripping libraries is possible
configure:12106: result: yes
configure:12141: checking if libtool supports shared libraries
configure:12143: result: yes
configure:12146: checking whether to build shared libraries
configure:12167: result: yes
configure:12170: checking whether to build static libraries
configure:12174: result: yes
configure:12324: checking for ld used by g++
configure:12391: result: /usr/bin/ld -m elf_x86_64
configure:12398: checking if the linker (/usr/bin/ld -m elf_x86_64) is GNU ld
configure:12413: result: yes
configure:12468: checking whether the g++ linker (/usr/bin/ld -m elf_x86_64) supports shared libraries
configure:13381: result: yes
configure:13409: g++ -c -g -O2  conftest.cpp >&5
configure:13412: $? = 0
configure:13594: checking for g++ option to produce PIC
configure:13911: result: -fPIC -DPIC
configure:13920: checking if g++ PIC flag -fPIC -DPIC works
configure:13938: g++ -c -g -O2  -fPIC -DPIC -DPIC conftest.cpp >&5
configure:13942: $? = 0
configure:13955: result: yes
configure:13976: checking if g++ static flag -static works
configure:14004: result: yes
configure:14016: checking if g++ supports -c -o file.o
configure:14037: g++ -c -g -O2  -o out/conftest2.o conftest.cpp >&5
configure:14041: $? = 0
configure:14063: result: yes
configure:14068: checking if g++ supports -c -o file.o
configure:14115: result: yes
configure:14145: checking whether the g++ linker (/usr/bin/ld -m elf_x86_64) supports shared libraries
configure:14174: result: yes
configure:14311: checking dynamic linker characteristics
configure:14692: g++ -o conftest -g -O2   -Wl,-rpath -Wl,/foo conftest.cpp  >&5
configure:14692: $? = 0
configure:14922: result: GNU/Linux ld.so
configure:14973: checking how to hardcode library paths into programs
configure:14998: result: immediate
configure:15056: checking whether ln -s works
configure:15060: result: yes
configure:15122: checking for pkg-config
configure:15140: found /usr/bin/pkg-config
configure:15152: result: /usr/bin/pkg-config
configure:15177: checking pkg-config is at least version 0.9.0
configure:15180: result: yes
configure:15190: checking for TEG_COMMONLIBS
configure:15197: $PKG_CONFIG --exists --print-errors "glib-2.0"
configure:15200: $? = 0
configure:15213: $PKG_CONFIG --exists --print-errors "glib-2.0"
configure:15216: $? = 0
configure:15273: result: yes
configure:15279: checking for XML
configure:15286: $PKG_CONFIG --exists --print-errors "libxml-2.0"
configure:15289: $? = 0
configure:15302: $PKG_CONFIG --exists --print-errors "libxml-2.0"
configure:15305: $? = 0
configure:15362: result: yes
configure:15499: checking for gconftool-2
configure:15517: found /usr/bin/gconftool-2
configure:15529: result: /usr/bin/gconftool-2
configure:15543: checking for TEG_LIBGNOME
configure:15550: $PKG_CONFIG --exists --print-errors "libgnomeui-2.0"
configure:15553: $? = 0
configure:15566: $PKG_CONFIG --exists --print-errors "libgnomeui-2.0"
configure:15569: $? = 0
configure:15626: result: yes
configure:15686: gcc -c -Wall -Werror  -isystem /usr/local/include -isystem /usr/local/include conftest.c >&5
cc1: warnings being treated as errors
conftest.c: In function 'signedness':
conftest.c:24:32: error: 'c' is used uninitialized in this function
configure:15686: $? = 1
configure: failed program was:
| /* confdefs.h */
| #define PACKAGE_NAME "Tenes Empanadas Graciela"
| #define PACKAGE_TARNAME "teg"
| #define PACKAGE_VERSION "0.12"
| #define PACKAGE_STRING "Tenes Empanadas Graciela 0.12"
| #define PACKAGE_BUGREPORT "teg-list@lists.sourceforge.net"
| #define PACKAGE_URL ""
| #define PACKAGE "teg"
| #define VERSION "0.12"
| #define STDC_HEADERS 1
| #define HAVE_SYS_TYPES_H 1
| #define HAVE_SYS_STAT_H 1
| #define HAVE_STDLIB_H 1
| #define HAVE_STRING_H 1
| #define HAVE_MEMORY_H 1
| #define HAVE_STRINGS_H 1
| #define HAVE_INTTYPES_H 1
| #define HAVE_STDINT_H 1
| #define HAVE_UNISTD_H 1
| #define HAVE_DLFCN_H 1
| #define LT_OBJDIR ".libs/"
| #define PREFIX "/usr/local"
| /* end confdefs.h.  */
| void signedness(void){char c;if(c==-1)c=0;}
| int
| main ()
| {
| 
|   ;
|   return 0;
| }
configure:15698: checking for GGZ library: ggzdmod
configure: 15759: /usr/local/include/ggzdmod.h
configure: 15759: /usr/include/ggzdmod.h
tried /usr/local/lib
tried /usr/lib
configure:15815: result: no
configure:15865: checking for GGZ server: ggzd
tried /usr/local/etc/ggzd
tried /usr/local/etc/ggzd
tried /etc/ggzd
configure:15926: result: no
configure:15989: checking for GGZ library: ggzmod
configure: 16050: /usr/local/include/ggzmod.h
configure: 16050: /usr/include/ggzmod.h
tried /usr/local/lib
tried /usr/lib
configure:16106: result: no
configure:16156: checking for GGZ configuration tool: ggz-config
configure: 16182: NO/ggz-config
configure: 16182: /usr/local/bin/ggz-config
configure: 16182: /usr/local/bin/ggz-config
configure: 16182: /usr/bin/ggz-config
configure:16227: result: no
configure:16372: checking locale.h usability
configure:16372: gcc -c -g -O2 -fsigned-char  -isystem /usr/local/include -isystem /usr/local/include conftest.c >&5
configure:16372: $? = 0
configure:16372: result: yes
configure:16372: checking locale.h presence
configure:16372: gcc -E  -isystem /usr/local/include -isystem /usr/local/include conftest.c
configure:16372: $? = 0
configure:16372: result: yes
configure:16372: checking for locale.h
configure:16372: result: yes
configure:16383: checking for LC_MESSAGES
configure:16399: gcc -o conftest -g -O2 -fsigned-char  -isystem /usr/local/include -isystem /usr/local/include  -L/usr/local/lib -L/usr/local/lib conftest.c  >&5
configure:16399: $? = 0
configure:16407: result: yes
configure:16424: checking libintl.h usability
configure:16424: gcc -c -g -O2 -fsigned-char  -isystem /usr/local/include -isystem /usr/local/include conftest.c >&5
configure:16424: $? = 0
configure:16424: result: yes
configure:16424: checking libintl.h presence
configure:16424: gcc -E  -isystem /usr/local/include -isystem /usr/local/include conftest.c
configure:16424: $? = 0
configure:16424: result: yes
configure:16424: checking for libintl.h
configure:16424: result: yes
configure:16432: checking for ngettext in libc
configure:16450: gcc -o conftest -g -O2 -fsigned-char  -isystem /usr/local/include -isystem /usr/local/include  -L/usr/local/lib -L/usr/local/lib conftest.c  >&5
configure:16450: $? = 0
configure:16459: result: yes
configure:16463: checking for dgettext in libc
configure:16481: gcc -o conftest -g -O2 -fsigned-char  -isystem /usr/local/include -isystem /usr/local/include  -L/usr/local/lib -L/usr/local/lib conftest.c  >&5
configure:16481: $? = 0
configure:16490: result: yes
configure:16497: checking for bind_textdomain_codeset
configure:16497: gcc -o conftest -g -O2 -fsigned-char  -isystem /usr/local/include -isystem /usr/local/include  -L/usr/local/lib -L/usr/local/lib conftest.c  >&5
configure:16497: $? = 0
configure:16497: result: yes
configure:16773: checking for msgfmt
configure:16800: result: /usr/bin/msgfmt
configure:16811: checking for dcgettext
configure:16811: gcc -o conftest -g -O2 -fsigned-char  -isystem /usr/local/include -isystem /usr/local/include  -L/usr/local/lib -L/usr/local/lib conftest.c   >&5
conftest.c:52:6: warning: conflicting types for built-in function 'dcgettext'
configure:16811: $? = 0
configure:16811: result: yes
configure:16821: checking if msgfmt accepts -c
configure:16836: $MSGFMT -c -o /dev/null conftest.foo
configure:16839: $? = 0
configure:16841: result: yes
configure:16851: checking for gmsgfmt
configure:16882: result: /usr/bin/msgfmt
configure:16892: checking for xgettext
configure:16919: result: /usr/bin/xgettext
configure:16938: gcc -o conftest -g -O2 -fsigned-char  -isystem /usr/local/include -isystem /usr/local/include  -L/usr/local/lib -L/usr/local/lib conftest.c   >&5
configure:16938: $? = 0
configure:17016: checking for catalogs to be installed
configure:17041: result:  es fr de gl pl it pt pt_BR hu_HU
configure:17087: checking for pthread_create in -lpthread
configure:17112: gcc -o conftest -g -O2 -fsigned-char -Wall  -isystem /usr/local/include -isystem /usr/local/include  -L/usr/local/lib -L/usr/local/lib conftest.c -lpthread   >&5
configure:17112: $? = 0
configure:17121: result: yes
configure:17134: checking for gethostbyname
configure:17134: gcc -o conftest -g -O2 -fsigned-char -Wall  -isystem /usr/local/include -isystem /usr/local/include  -L/usr/local/lib -L/usr/local/lib conftest.c  >&5
configure:17134: $? = 0
configure:17134: result: yes
configure:17181: checking for connect
configure:17181: gcc -o conftest -g -O2 -fsigned-char -Wall  -isystem /usr/local/include -isystem /usr/local/include  -L/usr/local/lib -L/usr/local/lib conftest.c  >&5
configure:17181: $? = 0
configure:17181: result: yes
configure:17286: checking readline/readline.h usability
configure:17286: gcc -c -g -O2 -fsigned-char -Wall  -isystem /usr/local/include -isystem /usr/local/include conftest.c >&5
configure:17286: $? = 0
configure:17286: result: yes
configure:17286: checking readline/readline.h presence
configure:17286: gcc -E  -isystem /usr/local/include -isystem /usr/local/include conftest.c
configure:17286: $? = 0
configure:17286: result: yes
configure:17286: checking for readline/readline.h
configure:17286: result: yes
configure:17295: checking for rl_callback_handler_install in -lreadline
configure:17320: gcc -o conftest -g -O2 -fsigned-char -Wall  -isystem /usr/local/include -isystem /usr/local/include  -L/usr/local/lib -L/usr/local/lib conftest.c -lreadline -lpthread   >&5
configure:17320: $? = 0
configure:17329: result: yes
configure:17350: checking for inet_ntop in -lc
configure:17375: gcc -o conftest -g -O2 -fsigned-char -Wall  -isystem /usr/local/include -isystem /usr/local/include  -L/usr/local/lib -L/usr/local/lib conftest.c -lc   >&5
configure:17375: $? = 0
configure:17384: result: yes
configure:17393: checking for main in -lnls
configure:17412: gcc -o conftest -g -O2 -fsigned-char -Wall  -isystem /usr/local/include -isystem /usr/local/include  -L/usr/local/lib -L/usr/local/lib conftest.c -lnls   >&5
/usr/bin/ld: cannot find -lnls
collect2: ld returned 1 exit status
configure:17412: $? = 1
configure: failed program was:
| /* confdefs.h */
| #define PACKAGE_NAME "Tenes Empanadas Graciela"
| #define PACKAGE_TARNAME "teg"
| #define PACKAGE_VERSION "0.12"
| #define PACKAGE_STRING "Tenes Empanadas Graciela 0.12"
| #define PACKAGE_BUGREPORT "teg-list@lists.sourceforge.net"
| #define PACKAGE_URL ""
| #define PACKAGE "teg"
| #define VERSION "0.12"
| #define STDC_HEADERS 1
| #define HAVE_SYS_TYPES_H 1
| #define HAVE_SYS_STAT_H 1
| #define HAVE_STDLIB_H 1
| #define HAVE_STRING_H 1
| #define HAVE_MEMORY_H 1
| #define HAVE_STRINGS_H 1
| #define HAVE_INTTYPES_H 1
| #define HAVE_STDINT_H 1
| #define HAVE_UNISTD_H 1
| #define HAVE_DLFCN_H 1
| #define LT_OBJDIR ".libs/"
| #define PREFIX "/usr/local"
| #define GETTEXT_PACKAGE "teg"
| #define HAVE_LOCALE_H 1
| #define HAVE_LC_MESSAGES 1
| #define HAVE_BIND_TEXTDOMAIN_CODESET 1
| #define HAVE_GETTEXT 1
| #define HAVE_DCGETTEXT 1
| #define ENABLE_NLS 1
| #define LOCALEDIR "/usr/local/share/locale"
| #define HAVE_PTHREADS 1
| #define HAVE_LIBREADLINE 1
| #define HAVE_INET_NTOP 1
| /* end confdefs.h.  */
| 
| 
| int
| main ()
| {
| return main ();
|   ;
|   return 0;
| }
configure:17421: result: no
configure:17433: checking for ANSI C header files
configure:17537: result: yes
configure:17550: checking arpa/inet.h usability
configure:17550: gcc -c -g -O2 -fsigned-char -Wall  -isystem /usr/local/include -isystem /usr/local/include conftest.c >&5
configure:17550: $? = 0
configure:17550: result: yes
configure:17550: checking arpa/inet.h presence
configure:17550: gcc -E  -isystem /usr/local/include -isystem /usr/local/include conftest.c
configure:17550: $? = 0
configure:17550: result: yes
configure:17550: checking for arpa/inet.h
configure:17550: result: yes
configure:17550: checking netdb.h usability
configure:17550: gcc -c -g -O2 -fsigned-char -Wall  -isystem /usr/local/include -isystem /usr/local/include conftest.c >&5
configure:17550: $? = 0
configure:17550: result: yes
configure:17550: checking netdb.h presence
configure:17550: gcc -E  -isystem /usr/local/include -isystem /usr/local/include conftest.c
configure:17550: $? = 0
configure:17550: result: yes
configure:17550: checking for netdb.h
configure:17550: result: yes
configure:17550: checking netinet/in.h usability
configure:17550: gcc -c -g -O2 -fsigned-char -Wall  -isystem /usr/local/include -isystem /usr/local/include conftest.c >&5
configure:17550: $? = 0
configure:17550: result: yes
configure:17550: checking netinet/in.h presence
configure:17550: gcc -E  -isystem /usr/local/include -isystem /usr/local/include conftest.c
configure:17550: $? = 0
configure:17550: result: yes
configure:17550: checking for netinet/in.h
configure:17550: result: yes
configure:17550: checking pwd.h usability
configure:17550: gcc -c -g -O2 -fsigned-char -Wall  -isystem /usr/local/include -isystem /usr/local/include conftest.c >&5
configure:17550: $? = 0
configure:17550: result: yes
configure:17550: checking pwd.h presence
configure:17550: gcc -E  -isystem /usr/local/include -isystem /usr/local/include conftest.c
configure:17550: $? = 0
configure:17550: result: yes
configure:17550: checking for pwd.h
configure:17550: result: yes
configure:17550: checking sys/ioctl.h usability
configure:17550: gcc -c -g -O2 -fsigned-char -Wall  -isystem /usr/local/include -isystem /usr/local/include conftest.c >&5
configure:17550: $? = 0
configure:17550: result: yes
configure:17550: checking sys/ioctl.h presence
configure:17550: gcc -E  -isystem /usr/local/include -isystem /usr/local/include conftest.c
configure:17550: $? = 0
configure:17550: result: yes
configure:17550: checking for sys/ioctl.h
configure:17550: result: yes
configure:17550: checking sys/select.h usability
configure:17550: gcc -c -g -O2 -fsigned-char -Wall  -isystem /usr/local/include -isystem /usr/local/include conftest.c >&5
configure:17550: $? = 0
configure:17550: result: yes
configure:17550: checking sys/select.h presence
configure:17550: gcc -E  -isystem /usr/local/include -isystem /usr/local/include conftest.c
configure:17550: $? = 0
configure:17550: result: yes
configure:17550: checking for sys/select.h
configure:17550: result: yes
configure:17550: checking sys/signal.h usability
configure:17550: gcc -c -g -O2 -fsigned-char -Wall  -isystem /usr/local/include -isystem /usr/local/include conftest.c >&5
configure:17550: $? = 0
configure:17550: result: yes
configure:17550: checking sys/signal.h presence
configure:17550: gcc -E  -isystem /usr/local/include -isystem /usr/local/include conftest.c
configure:17550: $? = 0
configure:17550: result: yes
configure:17550: checking for sys/signal.h
configure:17550: result: yes
configure:17550: checking sys/socket.h usability
configure:17550: gcc -c -g -O2 -fsigned-char -Wall  -isystem /usr/local/include -isystem /usr/local/include conftest.c >&5
configure:17550: $? = 0
configure:17550: result: yes
configure:17550: checking sys/socket.h presence
configure:17550: gcc -E  -isystem /usr/local/include -isystem /usr/local/include conftest.c
configure:17550: $? = 0
configure:17550: result: yes
configure:17550: checking for sys/socket.h
configure:17550: result: yes
configure:17550: checking sys/termio.h usability
configure:17550: gcc -c -g -O2 -fsigned-char -Wall  -isystem /usr/local/include -isystem /usr/local/include conftest.c >&5
conftest.c:77:24: fatal error: sys/termio.h: No such file or directory
compilation terminated.
configure:17550: $? = 1
configure: failed program was:
| /* confdefs.h */
| #define PACKAGE_NAME "Tenes Empanadas Graciela"
| #define PACKAGE_TARNAME "teg"
| #define PACKAGE_VERSION "0.12"
| #define PACKAGE_STRING "Tenes Empanadas Graciela 0.12"
| #define PACKAGE_BUGREPORT "teg-list@lists.sourceforge.net"
| #define PACKAGE_URL ""
| #define PACKAGE "teg"
| #define VERSION "0.12"
| #define STDC_HEADERS 1
| #define HAVE_SYS_TYPES_H 1
| #define HAVE_SYS_STAT_H 1
| #define HAVE_STDLIB_H 1
| #define HAVE_STRING_H 1
| #define HAVE_MEMORY_H 1
| #define HAVE_STRINGS_H 1
| #define HAVE_INTTYPES_H 1
| #define HAVE_STDINT_H 1
| #define HAVE_UNISTD_H 1
| #define HAVE_DLFCN_H 1
| #define LT_OBJDIR ".libs/"
| #define PREFIX "/usr/local"
| #define GETTEXT_PACKAGE "teg"
| #define HAVE_LOCALE_H 1
| #define HAVE_LC_MESSAGES 1
| #define HAVE_BIND_TEXTDOMAIN_CODESET 1
| #define HAVE_GETTEXT 1
| #define HAVE_DCGETTEXT 1
| #define ENABLE_NLS 1
| #define LOCALEDIR "/usr/local/share/locale"
| #define HAVE_PTHREADS 1
| #define HAVE_LIBREADLINE 1
| #define HAVE_INET_NTOP 1
| #define STDC_HEADERS 1
| #define HAVE_ARPA_INET_H 1
| #define HAVE_NETDB_H 1
| #define HAVE_NETINET_IN_H 1
| #define HAVE_PWD_H 1
| #define HAVE_SYS_IOCTL_H 1
| #define HAVE_SYS_SELECT_H 1
| #define HAVE_SYS_SIGNAL_H 1
| #define HAVE_SYS_SOCKET_H 1
| /* end confdefs.h.  */
| #include <stdio.h>
| #ifdef HAVE_SYS_TYPES_H
| # include <sys/types.h>
| #endif
| #ifdef HAVE_SYS_STAT_H
| # include <sys/stat.h>
| #endif
| #ifdef STDC_HEADERS
| # include <stdlib.h>
| # include <stddef.h>
| #else
| # ifdef HAVE_STDLIB_H
| #  include <stdlib.h>
| # endif
| #endif
| #ifdef HAVE_STRING_H
| # if !defined STDC_HEADERS && defined HAVE_MEMORY_H
| #  include <memory.h>
| # endif
| # include <string.h>
| #endif
| #ifdef HAVE_STRINGS_H
| # include <strings.h>
| #endif
| #ifdef HAVE_INTTYPES_H
| # include <inttypes.h>
| #endif
| #ifdef HAVE_STDINT_H
| # include <stdint.h>
| #endif
| #ifdef HAVE_UNISTD_H
| # include <unistd.h>
| #endif
| #include <sys/termio.h>
configure:17550: result: no
configure:17550: checking sys/termio.h presence
configure:17550: gcc -E  -isystem /usr/local/include -isystem /usr/local/include conftest.c
conftest.c:44:24: fatal error: sys/termio.h: No such file or directory
compilation terminated.
configure:17550: $? = 1
configure: failed program was:
| /* confdefs.h */
| #define PACKAGE_NAME "Tenes Empanadas Graciela"
| #define PACKAGE_TARNAME "teg"
| #define PACKAGE_VERSION "0.12"
| #define PACKAGE_STRING "Tenes Empanadas Graciela 0.12"
| #define PACKAGE_BUGREPORT "teg-list@lists.sourceforge.net"
| #define PACKAGE_URL ""
| #define PACKAGE "teg"
| #define VERSION "0.12"
| #define STDC_HEADERS 1
| #define HAVE_SYS_TYPES_H 1
| #define HAVE_SYS_STAT_H 1
| #define HAVE_STDLIB_H 1
| #define HAVE_STRING_H 1
| #define HAVE_MEMORY_H 1
| #define HAVE_STRINGS_H 1
| #define HAVE_INTTYPES_H 1
| #define HAVE_STDINT_H 1
| #define HAVE_UNISTD_H 1
| #define HAVE_DLFCN_H 1
| #define LT_OBJDIR ".libs/"
| #define PREFIX "/usr/local"
| #define GETTEXT_PACKAGE "teg"
| #define HAVE_LOCALE_H 1
| #define HAVE_LC_MESSAGES 1
| #define HAVE_BIND_TEXTDOMAIN_CODESET 1
| #define HAVE_GETTEXT 1
| #define HAVE_DCGETTEXT 1
| #define ENABLE_NLS 1
| #define LOCALEDIR "/usr/local/share/locale"
| #define HAVE_PTHREADS 1
| #define HAVE_LIBREADLINE 1
| #define HAVE_INET_NTOP 1
| #define STDC_HEADERS 1
| #define HAVE_ARPA_INET_H 1
| #define HAVE_NETDB_H 1
| #define HAVE_NETINET_IN_H 1
| #define HAVE_PWD_H 1
| #define HAVE_SYS_IOCTL_H 1
| #define HAVE_SYS_SELECT_H 1
| #define HAVE_SYS_SIGNAL_H 1
| #define HAVE_SYS_SOCKET_H 1
| /* end confdefs.h.  */
| #include <sys/termio.h>
configure:17550: result: no
configure:17550: checking for sys/termio.h
configure:17550: result: no
configure:17550: checking sys/time.h usability
configure:17550: gcc -c -g -O2 -fsigned-char -Wall  -isystem /usr/local/include -isystem /usr/local/include conftest.c >&5
configure:17550: $? = 0
configure:17550: result: yes
configure:17550: checking sys/time.h presence
configure:17550: gcc -E  -isystem /usr/local/include -isystem /usr/local/include conftest.c
configure:17550: $? = 0
configure:17550: result: yes
configure:17550: checking for sys/time.h
configure:17550: result: yes
configure:17550: checking for sys/types.h
configure:17550: result: yes
configure:17550: checking sys/uio.h usability
configure:17550: gcc -c -g -O2 -fsigned-char -Wall  -isystem /usr/local/include -isystem /usr/local/include conftest.c >&5
configure:17550: $? = 0
configure:17550: result: yes
configure:17550: checking sys/uio.h presence
configure:17550: gcc -E  -isystem /usr/local/include -isystem /usr/local/include conftest.c
configure:17550: $? = 0
configure:17550: result: yes
configure:17550: checking for sys/uio.h
configure:17550: result: yes
configure:17550: checking termios.h usability
configure:17550: gcc -c -g -O2 -fsigned-char -Wall  -isystem /usr/local/include -isystem /usr/local/include conftest.c >&5
configure:17550: $? = 0
configure:17550: result: yes
configure:17550: checking termios.h presence
configure:17550: gcc -E  -isystem /usr/local/include -isystem /usr/local/include conftest.c
configure:17550: $? = 0
configure:17550: result: yes
configure:17550: checking for termios.h
configure:17550: result: yes
configure:17550: checking for unistd.h
configure:17550: result: yes
configure:17562: checking for an ANSI C-conforming const
configure:17627: gcc -c -g -O2 -fsigned-char -Wall  -isystem /usr/local/include -isystem /usr/local/include conftest.c >&5
conftest.c: In function 'main':
conftest.c:78:10: warning: 't' is used uninitialized in this function
configure:17627: $? = 0
configure:17634: result: yes
configure:17642: checking whether time.h and sys/time.h may both be included
configure:17662: gcc -c -g -O2 -fsigned-char -Wall  -isystem /usr/local/include -isystem /usr/local/include conftest.c >&5
configure:17662: $? = 0
configure:17669: result: yes
configure:17677: checking whether struct tm is in sys/time.h or time.h
configure:17697: gcc -c -g -O2 -fsigned-char -Wall  -isystem /usr/local/include -isystem /usr/local/include conftest.c >&5
configure:17697: $? = 0
configure:17704: result: time.h
configure:17713: checking return type of signal handlers
configure:17731: gcc -c -g -O2 -fsigned-char -Wall  -isystem /usr/local/include -isystem /usr/local/include conftest.c >&5
conftest.c: In function 'main':
conftest.c:56:1: error: void value not ignored as it ought to be
configure:17731: $? = 1
configure: failed program was:
| /* confdefs.h */
| #define PACKAGE_NAME "Tenes Empanadas Graciela"
| #define PACKAGE_TARNAME "teg"
| #define PACKAGE_VERSION "0.12"
| #define PACKAGE_STRING "Tenes Empanadas Graciela 0.12"
| #define PACKAGE_BUGREPORT "teg-list@lists.sourceforge.net"
| #define PACKAGE_URL ""
| #define PACKAGE "teg"
| #define VERSION "0.12"
| #define STDC_HEADERS 1
| #define HAVE_SYS_TYPES_H 1
| #define HAVE_SYS_STAT_H 1
| #define HAVE_STDLIB_H 1
| #define HAVE_STRING_H 1
| #define HAVE_MEMORY_H 1
| #define HAVE_STRINGS_H 1
| #define HAVE_INTTYPES_H 1
| #define HAVE_STDINT_H 1
| #define HAVE_UNISTD_H 1
| #define HAVE_DLFCN_H 1
| #define LT_OBJDIR ".libs/"
| #define PREFIX "/usr/local"
| #define GETTEXT_PACKAGE "teg"
| #define HAVE_LOCALE_H 1
| #define HAVE_LC_MESSAGES 1
| #define HAVE_BIND_TEXTDOMAIN_CODESET 1
| #define HAVE_GETTEXT 1
| #define HAVE_DCGETTEXT 1
| #define ENABLE_NLS 1
| #define LOCALEDIR "/usr/local/share/locale"
| #define HAVE_PTHREADS 1
| #define HAVE_LIBREADLINE 1
| #define HAVE_INET_NTOP 1
| #define STDC_HEADERS 1
| #define HAVE_ARPA_INET_H 1
| #define HAVE_NETDB_H 1
| #define HAVE_NETINET_IN_H 1
| #define HAVE_PWD_H 1
| #define HAVE_SYS_IOCTL_H 1
| #define HAVE_SYS_SELECT_H 1
| #define HAVE_SYS_SIGNAL_H 1
| #define HAVE_SYS_SOCKET_H 1
| #define HAVE_SYS_TIME_H 1
| #define HAVE_SYS_TYPES_H 1
| #define HAVE_SYS_UIO_H 1
| #define HAVE_TERMIOS_H 1
| #define HAVE_UNISTD_H 1
| #define TIME_WITH_SYS_TIME 1
| /* end confdefs.h.  */
| #include <sys/types.h>
| #include <signal.h>
| 
| int
| main ()
| {
| return *(signal (0, 0)) (0) == 1;
|   ;
|   return 0;
| }
configure:17738: result: void
configure:17748: checking for vprintf
configure:17748: gcc -o conftest -g -O2 -fsigned-char -Wall  -isystem /usr/local/include -isystem /usr/local/include  -L/usr/local/lib -L/usr/local/lib conftest.c  >&5
conftest.c:74:6: warning: conflicting types for built-in function 'vprintf'
configure:17748: $? = 0
configure:17748: result: yes
configure:17754: checking for _doprnt
configure:17754: gcc -o conftest -g -O2 -fsigned-char -Wall  -isystem /usr/local/include -isystem /usr/local/include  -L/usr/local/lib -L/usr/local/lib conftest.c  >&5
/tmp/ccVIyRdU.o: In function `main':
/home/jeroen/workspace/teg/conftest.c:86: undefined reference to `_doprnt'
collect2: ld returned 1 exit status
configure:17754: $? = 1
configure: failed program was:
| /* confdefs.h */
| #define PACKAGE_NAME "Tenes Empanadas Graciela"
| #define PACKAGE_TARNAME "teg"
| #define PACKAGE_VERSION "0.12"
| #define PACKAGE_STRING "Tenes Empanadas Graciela 0.12"
| #define PACKAGE_BUGREPORT "teg-list@lists.sourceforge.net"
| #define PACKAGE_URL ""
| #define PACKAGE "teg"
| #define VERSION "0.12"
| #define STDC_HEADERS 1
| #define HAVE_SYS_TYPES_H 1
| #define HAVE_SYS_STAT_H 1
| #define HAVE_STDLIB_H 1
| #define HAVE_STRING_H 1
| #define HAVE_MEMORY_H 1
| #define HAVE_STRINGS_H 1
| #define HAVE_INTTYPES_H 1
| #define HAVE_STDINT_H 1
| #define HAVE_UNISTD_H 1
| #define HAVE_DLFCN_H 1
| #define LT_OBJDIR ".libs/"
| #define PREFIX "/usr/local"
| #define GETTEXT_PACKAGE "teg"
| #define HAVE_LOCALE_H 1
| #define HAVE_LC_MESSAGES 1
| #define HAVE_BIND_TEXTDOMAIN_CODESET 1
| #define HAVE_GETTEXT 1
| #define HAVE_DCGETTEXT 1
| #define ENABLE_NLS 1
| #define LOCALEDIR "/usr/local/share/locale"
| #define HAVE_PTHREADS 1
| #define HAVE_LIBREADLINE 1
| #define HAVE_INET_NTOP 1
| #define STDC_HEADERS 1
| #define HAVE_ARPA_INET_H 1
| #define HAVE_NETDB_H 1
| #define HAVE_NETINET_IN_H 1
| #define HAVE_PWD_H 1
| #define HAVE_SYS_IOCTL_H 1
| #define HAVE_SYS_SELECT_H 1
| #define HAVE_SYS_SIGNAL_H 1
| #define HAVE_SYS_SOCKET_H 1
| #define HAVE_SYS_TIME_H 1
| #define HAVE_SYS_TYPES_H 1
| #define HAVE_SYS_UIO_H 1
| #define HAVE_TERMIOS_H 1
| #define HAVE_UNISTD_H 1
| #define TIME_WITH_SYS_TIME 1
| #define RETSIGTYPE void
| #define HAVE_VPRINTF 1
| /* end confdefs.h.  */
| /* Define _doprnt to an innocuous variant, in case <limits.h> declares _doprnt.
|    For example, HP-UX 11i <limits.h> declares gettimeofday.  */
| #define _doprnt innocuous__doprnt
| 
| /* System header to define __stub macros and hopefully few prototypes,
|     which can conflict with char _doprnt (); below.
|     Prefer <limits.h> to <assert.h> if __STDC__ is defined, since
|     <limits.h> exists even on freestanding compilers.  */
| 
| #ifdef __STDC__
| # include <limits.h>
| #else
| # include <assert.h>
| #endif
| 
| #undef _doprnt
| 
| /* Override any GCC internal prototype to avoid an error.
|    Use char because int might match the return type of a GCC
|    builtin and then its argument prototype would still apply.  */
| #ifdef __cplusplus
| extern "C"
| #endif
| char _doprnt ();
| /* The GNU C library defines this for functions which it implements
|     to always fail with ENOSYS.  Some functions are actually named
|     something starting with __ and the normal name is an alias.  */
| #if defined __stub__doprnt || defined __stub____doprnt
| choke me
| #endif
| 
| int
| main ()
| {
| return _doprnt ();
|   ;
|   return 0;
| }
configure:17754: result: no
configure:17769: checking for fdopen
configure:17769: gcc -o conftest -g -O2 -fsigned-char -Wall  -isystem /usr/local/include -isystem /usr/local/include  -L/usr/local/lib -L/usr/local/lib conftest.c  >&5
configure:17769: $? = 0
configure:17769: result: yes
configure:17769: checking for gethostname
configure:17769: gcc -o conftest -g -O2 -fsigned-char -Wall  -isystem /usr/local/include -isystem /usr/local/include  -L/usr/local/lib -L/usr/local/lib conftest.c  >&5
configure:17769: $? = 0
configure:17769: result: yes
configure:17769: checking for getpwuid
configure:17769: gcc -o conftest -g -O2 -fsigned-char -Wall  -isystem /usr/local/include -isystem /usr/local/include  -L/usr/local/lib -L/usr/local/lib conftest.c  >&5
configure:17769: $? = 0
configure:17769: result: yes
configure:17769: checking for gettimeofday
configure:17769: gcc -o conftest -g -O2 -fsigned-char -Wall  -isystem /usr/local/include -isystem /usr/local/include  -L/usr/local/lib -L/usr/local/lib conftest.c  >&5
configure:17769: $? = 0
configure:17769: result: yes
configure:17769: checking for select
configure:17769: gcc -o conftest -g -O2 -fsigned-char -Wall  -isystem /usr/local/include -isystem /usr/local/include  -L/usr/local/lib -L/usr/local/lib conftest.c  >&5
configure:17769: $? = 0
configure:17769: result: yes
configure:17769: checking for strerror
configure:17769: gcc -o conftest -g -O2 -fsigned-char -Wall  -isystem /usr/local/include -isystem /usr/local/include  -L/usr/local/lib -L/usr/local/lib conftest.c  >&5
configure:17769: $? = 0
configure:17769: result: yes
configure:17769: checking for strlcat
configure:17769: gcc -o conftest -g -O2 -fsigned-char -Wall  -isystem /usr/local/include -isystem /usr/local/include  -L/usr/local/lib -L/usr/local/lib conftest.c  >&5
/tmp/ccNh2plA.o: In function `main':
/home/jeroen/workspace/teg/conftest.c:92: undefined reference to `strlcat'
collect2: ld returned 1 exit status
configure:17769: $? = 1
configure: failed program was:
| /* confdefs.h */
| #define PACKAGE_NAME "Tenes Empanadas Graciela"
| #define PACKAGE_TARNAME "teg"
| #define PACKAGE_VERSION "0.12"
| #define PACKAGE_STRING "Tenes Empanadas Graciela 0.12"
| #define PACKAGE_BUGREPORT "teg-list@lists.sourceforge.net"
| #define PACKAGE_URL ""
| #define PACKAGE "teg"
| #define VERSION "0.12"
| #define STDC_HEADERS 1
| #define HAVE_SYS_TYPES_H 1
| #define HAVE_SYS_STAT_H 1
| #define HAVE_STDLIB_H 1
| #define HAVE_STRING_H 1
| #define HAVE_MEMORY_H 1
| #define HAVE_STRINGS_H 1
| #define HAVE_INTTYPES_H 1
| #define HAVE_STDINT_H 1
| #define HAVE_UNISTD_H 1
| #define HAVE_DLFCN_H 1
| #define LT_OBJDIR ".libs/"
| #define PREFIX "/usr/local"
| #define GETTEXT_PACKAGE "teg"
| #define HAVE_LOCALE_H 1
| #define HAVE_LC_MESSAGES 1
| #define HAVE_BIND_TEXTDOMAIN_CODESET 1
| #define HAVE_GETTEXT 1
| #define HAVE_DCGETTEXT 1
| #define ENABLE_NLS 1
| #define LOCALEDIR "/usr/local/share/locale"
| #define HAVE_PTHREADS 1
| #define HAVE_LIBREADLINE 1
| #define HAVE_INET_NTOP 1
| #define STDC_HEADERS 1
| #define HAVE_ARPA_INET_H 1
| #define HAVE_NETDB_H 1
| #define HAVE_NETINET_IN_H 1
| #define HAVE_PWD_H 1
| #define HAVE_SYS_IOCTL_H 1
| #define HAVE_SYS_SELECT_H 1
| #define HAVE_SYS_SIGNAL_H 1
| #define HAVE_SYS_SOCKET_H 1
| #define HAVE_SYS_TIME_H 1
| #define HAVE_SYS_TYPES_H 1
| #define HAVE_SYS_UIO_H 1
| #define HAVE_TERMIOS_H 1
| #define HAVE_UNISTD_H 1
| #define TIME_WITH_SYS_TIME 1
| #define RETSIGTYPE void
| #define HAVE_VPRINTF 1
| #define HAVE_FDOPEN 1
| #define HAVE_GETHOSTNAME 1
| #define HAVE_GETPWUID 1
| #define HAVE_GETTIMEOFDAY 1
| #define HAVE_SELECT 1
| #define HAVE_STRERROR 1
| /* end confdefs.h.  */
| /* Define strlcat to an innocuous variant, in case <limits.h> declares strlcat.
|    For example, HP-UX 11i <limits.h> declares gettimeofday.  */
| #define strlcat innocuous_strlcat
| 
| /* System header to define __stub macros and hopefully few prototypes,
|     which can conflict with char strlcat (); below.
|     Prefer <limits.h> to <assert.h> if __STDC__ is defined, since
|     <limits.h> exists even on freestanding compilers.  */
| 
| #ifdef __STDC__
| # include <limits.h>
| #else
| # include <assert.h>
| #endif
| 
| #undef strlcat
| 
| /* Override any GCC internal prototype to avoid an error.
|    Use char because int might match the return type of a GCC
|    builtin and then its argument prototype would still apply.  */
| #ifdef __cplusplus
| extern "C"
| #endif
| char strlcat ();
| /* The GNU C library defines this for functions which it implements
|     to always fail with ENOSYS.  Some functions are actually named
|     something starting with __ and the normal name is an alias.  */
| #if defined __stub_strlcat || defined __stub___strlcat
| choke me
| #endif
| 
| int
| main ()
| {
| return strlcat ();
|   ;
|   return 0;
| }
configure:17769: result: no
configure:17769: checking for strlcpy
configure:17769: gcc -o conftest -g -O2 -fsigned-char -Wall  -isystem /usr/local/include -isystem /usr/local/include  -L/usr/local/lib -L/usr/local/lib conftest.c  >&5
/tmp/ccXOz4qI.o: In function `main':
/home/jeroen/workspace/teg/conftest.c:92: undefined reference to `strlcpy'
collect2: ld returned 1 exit status
configure:17769: $? = 1
configure: failed program was:
| /* confdefs.h */
| #define PACKAGE_NAME "Tenes Empanadas Graciela"
| #define PACKAGE_TARNAME "teg"
| #define PACKAGE_VERSION "0.12"
| #define PACKAGE_STRING "Tenes Empanadas Graciela 0.12"
| #define PACKAGE_BUGREPORT "teg-list@lists.sourceforge.net"
| #define PACKAGE_URL ""
| #define PACKAGE "teg"
| #define VERSION "0.12"
| #define STDC_HEADERS 1
| #define HAVE_SYS_TYPES_H 1
| #define HAVE_SYS_STAT_H 1
| #define HAVE_STDLIB_H 1
| #define HAVE_STRING_H 1
| #define HAVE_MEMORY_H 1
| #define HAVE_STRINGS_H 1
| #define HAVE_INTTYPES_H 1
| #define HAVE_STDINT_H 1
| #define HAVE_UNISTD_H 1
| #define HAVE_DLFCN_H 1
| #define LT_OBJDIR ".libs/"
| #define PREFIX "/usr/local"
| #define GETTEXT_PACKAGE "teg"
| #define HAVE_LOCALE_H 1
| #define HAVE_LC_MESSAGES 1
| #define HAVE_BIND_TEXTDOMAIN_CODESET 1
| #define HAVE_GETTEXT 1
| #define HAVE_DCGETTEXT 1
| #define ENABLE_NLS 1
| #define LOCALEDIR "/usr/local/share/locale"
| #define HAVE_PTHREADS 1
| #define HAVE_LIBREADLINE 1
| #define HAVE_INET_NTOP 1
| #define STDC_HEADERS 1
| #define HAVE_ARPA_INET_H 1
| #define HAVE_NETDB_H 1
| #define HAVE_NETINET_IN_H 1
| #define HAVE_PWD_H 1
| #define HAVE_SYS_IOCTL_H 1
| #define HAVE_SYS_SELECT_H 1
| #define HAVE_SYS_SIGNAL_H 1
| #define HAVE_SYS_SOCKET_H 1
| #define HAVE_SYS_TIME_H 1
| #define HAVE_SYS_TYPES_H 1
| #define HAVE_SYS_UIO_H 1
| #define HAVE_TERMIOS_H 1
| #define HAVE_UNISTD_H 1
| #define TIME_WITH_SYS_TIME 1
| #define RETSIGTYPE void
| #define HAVE_VPRINTF 1
| #define HAVE_FDOPEN 1
| #define HAVE_GETHOSTNAME 1
| #define HAVE_GETPWUID 1
| #define HAVE_GETTIMEOFDAY 1
| #define HAVE_SELECT 1
| #define HAVE_STRERROR 1
| /* end confdefs.h.  */
| /* Define strlcpy to an innocuous variant, in case <limits.h> declares strlcpy.
|    For example, HP-UX 11i <limits.h> declares gettimeofday.  */
| #define strlcpy innocuous_strlcpy
| 
| /* System header to define __stub macros and hopefully few prototypes,
|     which can conflict with char strlcpy (); below.
|     Prefer <limits.h> to <assert.h> if __STDC__ is defined, since
|     <limits.h> exists even on freestanding compilers.  */
| 
| #ifdef __STDC__
| # include <limits.h>
| #else
| # include <assert.h>
| #endif
| 
| #undef strlcpy
| 
| /* Override any GCC internal prototype to avoid an error.
|    Use char because int might match the return type of a GCC
|    builtin and then its argument prototype would still apply.  */
| #ifdef __cplusplus
| extern "C"
| #endif
| char strlcpy ();
| /* The GNU C library defines this for functions which it implements
|     to always fail with ENOSYS.  Some functions are actually named
|     something starting with __ and the normal name is an alias.  */
| #if defined __stub_strlcpy || defined __stub___strlcpy
| choke me
| #endif
| 
| int
| main ()
| {
| return strlcpy ();
|   ;
|   return 0;
| }
configure:17769: result: no
configure:17769: checking for strstr
configure:17769: gcc -o conftest -g -O2 -fsigned-char -Wall  -isystem /usr/local/include -isystem /usr/local/include  -L/usr/local/lib -L/usr/local/lib conftest.c  >&5
conftest.c:81:6: warning: conflicting types for built-in function 'strstr'
configure:17769: $? = 0
configure:17769: result: yes
configure:17769: checking for usleep
configure:17769: gcc -o conftest -g -O2 -fsigned-char -Wall  -isystem /usr/local/include -isystem /usr/local/include  -L/usr/local/lib -L/usr/local/lib conftest.c  >&5
configure:17769: $? = 0
configure:17769: result: yes
configure:17769: checking for vsnprintf
configure:17769: gcc -o conftest -g -O2 -fsigned-char -Wall  -isystem /usr/local/include -isystem /usr/local/include  -L/usr/local/lib -L/usr/local/lib conftest.c  >&5
conftest.c:83:6: warning: conflicting types for built-in function 'vsnprintf'
configure:17769: $? = 0
configure:17769: result: yes
configure:17828: checking whether you have Empanadas de carne criolla
configure:17831: result: Super!
configure:17833: checking whether you have Empanadas de verdura
configure:17836: result: Cool!
configure:17838: checking whether you have Empanadas de jamon y queso
configure:17841: result: Buenichimo!
configure:17843: checking whether you have Empanadas de carne picante
configure:17846: result: Yeah!
configure:18011: creating ./config.status

## ---------------- ##
## Cache variables. ##
## ---------------- ##

ac_cv_build=x86_64-unknown-linux-gnu
ac_cv_c_compiler_gnu=yes
ac_cv_c_const=yes
ac_cv_cxx_compiler_gnu=yes
ac_cv_env_CCC_set=
ac_cv_env_CCC_value=
ac_cv_env_CC_set=
ac_cv_env_CC_value=
ac_cv_env_CFLAGS_set=
ac_cv_env_CFLAGS_value=
ac_cv_env_CPPFLAGS_set=
ac_cv_env_CPPFLAGS_value=
ac_cv_env_CPP_set=
ac_cv_env_CPP_value=
ac_cv_env_CXXCPP_set=
ac_cv_env_CXXCPP_value=
ac_cv_env_CXXFLAGS_set=
ac_cv_env_CXXFLAGS_value=
ac_cv_env_CXX_set=
ac_cv_env_CXX_value=
ac_cv_env_LDFLAGS_set=
ac_cv_env_LDFLAGS_value=
ac_cv_env_LIBS_set=
ac_cv_env_LIBS_value=
ac_cv_env_PKG_CONFIG_LIBDIR_set=
ac_cv_env_PKG_CONFIG_LIBDIR_value=
ac_cv_env_PKG_CONFIG_PATH_set=
ac_cv_env_PKG_CONFIG_PATH_value=
ac_cv_env_PKG_CONFIG_set=
ac_cv_env_PKG_CONFIG_value=
ac_cv_env_TEG_COMMONLIBS_CFLAGS_set=
ac_cv_env_TEG_COMMONLIBS_CFLAGS_value=
ac_cv_env_TEG_COMMONLIBS_LIBS_set=
ac_cv_env_TEG_COMMONLIBS_LIBS_value=
ac_cv_env_TEG_LIBGNOME_CFLAGS_set=
ac_cv_env_TEG_LIBGNOME_CFLAGS_value=
ac_cv_env_TEG_LIBGNOME_LIBS_set=
ac_cv_env_TEG_LIBGNOME_LIBS_value=
ac_cv_env_XML_CFLAGS_set=
ac_cv_env_XML_CFLAGS_value=
ac_cv_env_XML_LIBS_set=
ac_cv_env_XML_LIBS_value=
ac_cv_env_build_alias_set=
ac_cv_env_build_alias_value=
ac_cv_env_host_alias_set=
ac_cv_env_host_alias_value=
ac_cv_env_target_alias_set=
ac_cv_env_target_alias_value=
ac_cv_func__doprnt=no
ac_cv_func_bind_textdomain_codeset=yes
ac_cv_func_connect=yes
ac_cv_func_dcgettext=yes
ac_cv_func_fdopen=yes
ac_cv_func_gethostbyname=yes
ac_cv_func_gethostname=yes
ac_cv_func_getpwuid=yes
ac_cv_func_gettimeofday=yes
ac_cv_func_select=yes
ac_cv_func_strerror=yes
ac_cv_func_strlcat=no
ac_cv_func_strlcpy=no
ac_cv_func_strstr=yes
ac_cv_func_usleep=yes
ac_cv_func_vprintf=yes
ac_cv_func_vsnprintf=yes
ac_cv_have_ggzcore=have_ggz_config=no
ac_cv_have_ggzdmod=have_ggzdmod=no
ac_cv_have_ggzmod=have_ggzmod=no
ac_cv_header_arpa_inet_h=yes
ac_cv_header_dlfcn_h=yes
ac_cv_header_inttypes_h=yes
ac_cv_header_libintl_h=yes
ac_cv_header_locale_h=yes
ac_cv_header_memory_h=yes
ac_cv_header_netdb_h=yes
ac_cv_header_netinet_in_h=yes
ac_cv_header_pwd_h=yes
ac_cv_header_readline_readline_h=yes
ac_cv_header_stdc=yes
ac_cv_header_stdint_h=yes
ac_cv_header_stdlib_h=yes
ac_cv_header_string_h=yes
ac_cv_header_strings_h=yes
ac_cv_header_sys_ioctl_h=yes
ac_cv_header_sys_select_h=yes
ac_cv_header_sys_signal_h=yes
ac_cv_header_sys_socket_h=yes
ac_cv_header_sys_stat_h=yes
ac_cv_header_sys_termio_h=no
ac_cv_header_sys_time_h=yes
ac_cv_header_sys_types_h=yes
ac_cv_header_sys_uio_h=yes
ac_cv_header_termios_h=yes
ac_cv_header_time=yes
ac_cv_header_unistd_h=yes
ac_cv_host=x86_64-unknown-linux-gnu
ac_cv_lib_c_inet_ntop=yes
ac_cv_lib_nls_main=no
ac_cv_lib_pthread_pthread_create=yes
ac_cv_lib_readline_rl_callback_handler_install=yes
ac_cv_objext=o
ac_cv_path_EGREP='/bin/grep -E'
ac_cv_path_FGREP='/bin/grep -F'
ac_cv_path_GCONFTOOL=/usr/bin/gconftool-2
ac_cv_path_GMSGFMT=/usr/bin/msgfmt
ac_cv_path_GREP=/bin/grep
ac_cv_path_INTLTOOL_EXTRACT=/usr/bin/intltool-extract
ac_cv_path_INTLTOOL_MERGE=/usr/bin/intltool-merge
ac_cv_path_INTLTOOL_PERL=/usr/bin/perl
ac_cv_path_INTLTOOL_UPDATE=/usr/bin/intltool-update
ac_cv_path_MSGFMT=/usr/bin/msgfmt
ac_cv_path_MSGMERGE=/usr/bin/msgmerge
ac_cv_path_SED=/bin/sed
ac_cv_path_XGETTEXT=/usr/bin/xgettext
ac_cv_path_ac_pt_PKG_CONFIG=/usr/bin/pkg-config
ac_cv_path_install='/usr/bin/install -c'
ac_cv_path_mkdir=/bin/mkdir
ac_cv_prog_AWK=gawk
ac_cv_prog_CPP='gcc -E'
ac_cv_prog_CXXCPP='g++ -E'
ac_cv_prog_ac_ct_AR=ar
ac_cv_prog_ac_ct_CC=gcc
ac_cv_prog_ac_ct_CXX=g++
ac_cv_prog_ac_ct_OBJDUMP=objdump
ac_cv_prog_ac_ct_RANLIB=ranlib
ac_cv_prog_ac_ct_STRIP=strip
ac_cv_prog_cc_c89=
ac_cv_prog_cc_g=yes
ac_cv_prog_cxx_g=yes
ac_cv_prog_make_make_set=yes
ac_cv_struct_tm=time.h
ac_cv_type_signal=void
am_cv_CC_dependencies_compiler_type=gcc3
am_cv_CXX_dependencies_compiler_type=gcc3
am_cv_val_LC_MESSAGES=yes
gt_cv_func_dgettext_libc=yes
gt_cv_func_dgettext_libintl=no
gt_cv_func_ngettext_libc=yes
gt_cv_have_gettext=yes
lt_cv_deplibs_check_method=pass_all
lt_cv_file_magic_cmd='$MAGIC_CMD'
lt_cv_file_magic_test_file=
lt_cv_ld_reload_flag=-r
lt_cv_nm_interface='BSD nm'
lt_cv_objdir=.libs
lt_cv_path_LD=/usr/bin/ld
lt_cv_path_LDCXX='/usr/bin/ld -m elf_x86_64'
lt_cv_path_NM='/usr/bin/nm -B'
lt_cv_prog_compiler_c_o=yes
lt_cv_prog_compiler_c_o_CXX=yes
lt_cv_prog_compiler_pic_works=yes
lt_cv_prog_compiler_pic_works_CXX=yes
lt_cv_prog_compiler_rtti_exceptions=no
lt_cv_prog_compiler_static_works=yes
lt_cv_prog_compiler_static_works_CXX=yes
lt_cv_prog_gnu_ld=yes
lt_cv_prog_gnu_ldcxx=yes
lt_cv_sys_global_symbol_pipe='sed -n -e '\''s/^.*[	 ]\([ABCDGIRSTW][ABCDGIRSTW]*\)[	 ][	 ]*\([_A-Za-z][_A-Za-z0-9]*\)$/\1 \2 \2/p'\'''
lt_cv_sys_global_symbol_to_c_name_address='sed -n -e '\''s/^: \([^ ]*\) $/  {\"\1\", (void *) 0},/p'\'' -e '\''s/^[ABCDGIRSTW]* \([^ ]*\) \([^ ]*\)$/  {"\2", (void *) \&\2},/p'\'''
lt_cv_sys_global_symbol_to_c_name_address_lib_prefix='sed -n -e '\''s/^: \([^ ]*\) $/  {\"\1\", (void *) 0},/p'\'' -e '\''s/^[ABCDGIRSTW]* \([^ ]*\) \(lib[^ ]*\)$/  {"\2", (void *) \&\2},/p'\'' -e '\''s/^[ABCDGIRSTW]* \([^ ]*\) \([^ ]*\)$/  {"lib\2", (void *) \&\2},/p'\'''
lt_cv_sys_global_symbol_to_cdecl='sed -n -e '\''s/^T .* \(.*\)$/extern int \1();/p'\'' -e '\''s/^[ABCDGIRSTW]* .* \(.*\)$/extern char \1;/p'\'''
lt_cv_sys_max_cmd_len=3458764513820540925
pkg_cv_TEG_COMMONLIBS_CFLAGS='-I/usr/include/glib-2.0 -I/usr/lib/x86_64-linux-gnu/glib-2.0/include  '
pkg_cv_TEG_COMMONLIBS_LIBS='-L/usr/lib/x86_64-linux-gnu -lglib-2.0  '
pkg_cv_TEG_LIBGNOME_CFLAGS='-pthread -DORBIT2=1 -D_REENTRANT -I/usr/include/glib-2.0 -I/usr/lib/x86_64-linux-gnu/glib-2.0/include -I/usr/include/pango-1.0 -I/usr/include/freetype2 -I/usr/include/atk-1.0 -I/usr/include/gio-unix-2.0/ -I/usr/include/libpng12 -I/usr/include/libgnomeui-2.0 -I/usr/include/libart-2.0 -I/usr/include/gconf/2 -I/usr/include/gnome-keyring-1 -I/usr/include/libgnome-2.0 -I/usr/include/libbonoboui-2.0 -I/usr/include/libgnomecanvas-2.0 -I/usr/include/gtk-2.0 -I/usr/include/gdk-pixbuf-2.0 -I/usr/include/gnome-vfs-2.0 -I/usr/lib/gnome-vfs-2.0/include -I/usr/include/orbit-2.0 -I/usr/include/libbonobo-2.0 -I/usr/include/bonobo-activation-2.0 -I/usr/include/libxml2 -I/usr/include/gail-1.0 -I/usr/lib/gtk-2.0/include -I/usr/include/cairo -I/usr/include/pixman-1  '
pkg_cv_TEG_LIBGNOME_LIBS='-pthread -L/usr/lib/x86_64-linux-gnu -lgnomeui-2 -lSM -lICE -lbonoboui-2 -lgnomevfs-2 -lgnomecanvas-2 -lgnome-2 -lpopt -lbonobo-2 -lbonobo-activation -lORBit-2 -lart_lgpl_2 -lgtk-x11-2.0 -lgdk-x11-2.0 -latk-1.0 -lgio-2.0 -lpangoft2-1.0 -lpangocairo-1.0 -lgdk_pixbuf-2.0 -lm -lcairo -lpango-1.0 -lfreetype -lfontconfig -lgconf-2 -lgmodule-2.0 -lgobject-2.0 -lgthread-2.0 -lrt -lglib-2.0  '
pkg_cv_XML_CFLAGS='-I/usr/include/libxml2  '
pkg_cv_XML_LIBS='-lxml2  '

## ----------------- ##
## Output variables. ##
## ----------------- ##

ACLOCAL='${SHELL} /home/jeroen/workspace/teg/missing --run aclocal-1.11'
ALL_LINGUAS='es fr de gl pl it pt pt_BR hu_HU'
AMDEPBACKSLASH='\'
AMDEP_FALSE='#'
AMDEP_TRUE=''
AMTAR='${SHELL} /home/jeroen/workspace/teg/missing --run tar'
AR='ar'
AUTOCONF='${SHELL} /home/jeroen/workspace/teg/missing --run autoconf'
AUTOHEADER='${SHELL} /home/jeroen/workspace/teg/missing --run autoheader'
AUTOMAKE='${SHELL} /home/jeroen/workspace/teg/missing --run automake-1.11'
AWK='gawk'
CATALOGS=' es.gmo fr.gmo de.gmo gl.gmo pl.gmo it.gmo pt.gmo pt_BR.gmo hu_HU.gmo'
CATOBJEXT='.gmo'
CC='gcc'
CCDEPMODE='depmode=gcc3'
CFLAGS='-g -O2 -fsigned-char -Wall'
CLIENT_CFLAGS=' -I/usr/include/glib-2.0 -I/usr/lib/x86_64-linux-gnu/glib-2.0/include  '
CLIENT_FALSE='#'
CLIENT_GUI_GNOME_FALSE='#'
CLIENT_GUI_GNOME_TRUE=''
CLIENT_GUI_NULL_FALSE=''
CLIENT_GUI_NULL_TRUE='#'
CLIENT_LIBS=' -L/usr/lib/x86_64-linux-gnu -lglib-2.0  '
CLIENT_TRUE=''
CPP='gcc -E'
CPPFLAGS=' -isystem /usr/local/include -isystem /usr/local/include'
CXX='g++'
CXXCPP='g++ -E'
CXXDEPMODE='depmode=gcc3'
CXXFLAGS='-g -O2 -fsigned-char'
CYGPATH_W='echo'
DATADIRNAME='share'
DEFS='-DHAVE_CONFIG_H'
DEPDIR='.deps'
DSYMUTIL=''
DUMPBIN=''
ECHO_C=''
ECHO_N='-n'
ECHO_T=''
EGREP='/bin/grep -E'
EXEEXT=''
FGREP='/bin/grep -F'
GCONFTOOL='/usr/bin/gconftool-2'
GCONF_CONFIG_SOURCE='xml::/etc/gconf/gconf.xml.defaults'
GETTEXT_PACKAGE='teg'
GGZDMOD_INCLUDES=''
GGZDMOD_LDFLAGS=''
GGZMOD_INCLUDES=''
GGZMOD_LDFLAGS=''
GGZSUPPORT_FALSE=''
GGZSUPPORT_TRUE='#'
GGZ_CONFIG=''
GMOFILES=' es.gmo fr.gmo de.gmo gl.gmo pl.gmo it.gmo pt.gmo pt_BR.gmo hu_HU.gmo'
GMSGFMT='/usr/bin/msgfmt'
GREP='/bin/grep'
INSTALL_DATA='${INSTALL} -m 644'
INSTALL_GCONF_CONFIG_SOURCE=''
INSTALL_PROGRAM='${INSTALL}'
INSTALL_SCRIPT='${INSTALL}'
INSTALL_STRIP_PROGRAM='$(install_sh) -c -s'
INSTOBJEXT='.mo'
INTLLIBS=''
INTLTOOL_CAVES_RULE='%.caves:     %.caves.in     $(INTLTOOL_MERGE) $(wildcard $(top_srcdir)/po/*.po) ; LC_ALL=C $(INTLTOOL_MERGE) -d -u -c $(top_builddir)/po/.intltool-merge-cache $(top_srcdir)/po $< $@'
INTLTOOL_DESKTOP_RULE='%.desktop:   %.desktop.in   $(INTLTOOL_MERGE) $(wildcard $(top_srcdir)/po/*.po) ; LC_ALL=C $(INTLTOOL_MERGE) -d -u -c $(top_builddir)/po/.intltool-merge-cache $(top_srcdir)/po $< $@'
INTLTOOL_DIRECTORY_RULE='%.directory: %.directory.in $(INTLTOOL_MERGE) $(wildcard $(top_srcdir)/po/*.po) ; LC_ALL=C $(INTLTOOL_MERGE) -d -u -c $(top_builddir)/po/.intltool-merge-cache $(top_srcdir)/po $< $@'
INTLTOOL_EXTRACT='/usr/bin/intltool-extract'
INTLTOOL_KBD_RULE='%.kbd:       %.kbd.in       $(INTLTOOL_MERGE) $(wildcard $(top_srcdir)/po/*.po) ; LC_ALL=C $(INTLTOOL_MERGE) -x -u -m -c $(top_builddir)/po/.intltool-merge-cache $(top_srcdir)/po $< $@'
INTLTOOL_KEYS_RULE='%.keys:      %.keys.in      $(INTLTOOL_MERGE) $(wildcard $(top_srcdir)/po/*.po) ; LC_ALL=C $(INTLTOOL_MERGE) -k -u -c $(top_builddir)/po/.intltool-merge-cache $(top_srcdir)/po $< $@'
INTLTOOL_MERGE='/usr/bin/intltool-merge'
INTLTOOL_OAF_RULE='%.oaf:       %.oaf.in       $(INTLTOOL_MERGE) $(wildcard $(top_srcdir)/po/*.po) ; LC_ALL=C $(INTLTOOL_MERGE) -o -p $(top_srcdir)/po $< $@'
INTLTOOL_PERL='/usr/bin/perl'
INTLTOOL_POLICY_RULE='%.policy:    %.policy.in    $(INTLTOOL_MERGE) $(wildcard $(top_srcdir)/po/*.po) ; LC_ALL=C $(INTLTOOL_MERGE) -x -u -c $(top_builddir)/po/.intltool-merge-cache $(top_srcdir)/po $< $@'
INTLTOOL_PONG_RULE='%.pong:      %.pong.in      $(INTLTOOL_MERGE) $(wildcard $(top_srcdir)/po/*.po) ; LC_ALL=C $(INTLTOOL_MERGE) -x -u -c $(top_builddir)/po/.intltool-merge-cache $(top_srcdir)/po $< $@'
INTLTOOL_PROP_RULE='%.prop:      %.prop.in      $(INTLTOOL_MERGE) $(wildcard $(top_srcdir)/po/*.po) ; LC_ALL=C $(INTLTOOL_MERGE) -d -u -c $(top_builddir)/po/.intltool-merge-cache $(top_srcdir)/po $< $@'
INTLTOOL_SCHEMAS_RULE='%.schemas:   %.schemas.in   $(INTLTOOL_MERGE) $(wildcard $(top_srcdir)/po/*.po) ; LC_ALL=C $(INTLTOOL_MERGE) -s -u -c $(top_builddir)/po/.intltool-merge-cache $(top_srcdir)/po $< $@'
INTLTOOL_SERVER_RULE='%.server:    %.server.in    $(INTLTOOL_MERGE) $(wildcard $(top_srcdir)/po/*.po) ; LC_ALL=C $(INTLTOOL_MERGE) -o -u -c $(top_builddir)/po/.intltool-merge-cache $(top_srcdir)/po $< $@'
INTLTOOL_SERVICE_RULE='%.service: %.service.in   $(INTLTOOL_MERGE) $(wildcard $(top_srcdir)/po/*.po) ; LC_ALL=C $(INTLTOOL_MERGE) -d -u -c $(top_builddir)/po/.intltool-merge-cache $(top_srcdir)/po $< $@'
INTLTOOL_SHEET_RULE='%.sheet:     %.sheet.in     $(INTLTOOL_MERGE) $(wildcard $(top_srcdir)/po/*.po) ; LC_ALL=C $(INTLTOOL_MERGE) -x -u -c $(top_builddir)/po/.intltool-merge-cache $(top_srcdir)/po $< $@'
INTLTOOL_SOUNDLIST_RULE='%.soundlist: %.soundlist.in $(INTLTOOL_MERGE) $(wildcard $(top_srcdir)/po/*.po) ; LC_ALL=C $(INTLTOOL_MERGE) -d -u -c $(top_builddir)/po/.intltool-merge-cache $(top_srcdir)/po $< $@'
INTLTOOL_THEME_RULE='%.theme:     %.theme.in     $(INTLTOOL_MERGE) $(wildcard $(top_srcdir)/po/*.po) ; LC_ALL=C $(INTLTOOL_MERGE) -d -u -c $(top_builddir)/po/.intltool-merge-cache $(top_srcdir)/po $< $@'
INTLTOOL_UI_RULE='%.ui:        %.ui.in        $(INTLTOOL_MERGE) $(wildcard $(top_srcdir)/po/*.po) ; LC_ALL=C $(INTLTOOL_MERGE) -x -u -c $(top_builddir)/po/.intltool-merge-cache $(top_srcdir)/po $< $@'
INTLTOOL_UPDATE='/usr/bin/intltool-update'
INTLTOOL_XAM_RULE='%.xam:       %.xml.in       $(INTLTOOL_MERGE) $(wildcard $(top_srcdir)/po/*.po) ; LC_ALL=C $(INTLTOOL_MERGE) -x -u -c $(top_builddir)/po/.intltool-merge-cache $(top_srcdir)/po $< $@'
INTLTOOL_XML_NOMERGE_RULE='%.xml:       %.xml.in       $(INTLTOOL_MERGE) ; LC_ALL=C $(INTLTOOL_MERGE) -x -u /tmp $< $@'
INTLTOOL_XML_RULE='%.xml:       %.xml.in       $(INTLTOOL_MERGE) $(wildcard $(top_srcdir)/po/*.po) ; LC_ALL=C $(INTLTOOL_MERGE) -x -u -c $(top_builddir)/po/.intltool-merge-cache $(top_srcdir)/po $< $@'
LD='/usr/bin/ld -m elf_x86_64'
LDFLAGS=' -L/usr/local/lib -L/usr/local/lib'
LIBOBJS=''
LIBS=''
LIBTOOL='$(SHELL) $(top_builddir)/libtool'
LIB_GGZDMOD=''
LIB_GGZMOD=''
LIPO=''
LN_S='ln -s'
LTLIBOBJS=''
MAINT='#'
MAINTAINER_MODE_FALSE=''
MAINTAINER_MODE_TRUE='#'
MAKEINFO='${SHELL} /home/jeroen/workspace/teg/missing --run makeinfo'
MKDIR_P='/bin/mkdir -p'
MKINSTALLDIRS='./mkinstalldirs'
MSGFMT='/usr/bin/msgfmt'
MSGFMT_OPTS='-c'
MSGMERGE='/usr/bin/msgmerge'
NM='/usr/bin/nm -B'
NMEDIT=''
OBJDUMP='objdump'
OBJEXT='o'
OTOOL64=''
OTOOL=''
PACKAGE='teg'
PACKAGE_BUGREPORT='teg-list@lists.sourceforge.net'
PACKAGE_NAME='Tenes Empanadas Graciela'
PACKAGE_STRING='Tenes Empanadas Graciela 0.12'
PACKAGE_TARNAME='teg'
PACKAGE_URL=''
PACKAGE_VERSION='0.12'
PATH_SEPARATOR=':'
PKG_CONFIG='/usr/bin/pkg-config'
PKG_CONFIG_LIBDIR=''
PKG_CONFIG_PATH=''
POFILES=' es.po fr.po de.po gl.po pl.po it.po pt.po pt_BR.po hu_HU.po'
POSUB='po'
PO_IN_DATADIR_FALSE=''
PO_IN_DATADIR_TRUE=''
RANLIB='ranlib'
ROBOT_FALSE='#'
ROBOT_TRUE=''
SED='/bin/sed'
SERVER_CFLAGS='-D_REENTRANT  -I/usr/include/glib-2.0 -I/usr/lib/x86_64-linux-gnu/glib-2.0/include  '
SERVER_FALSE='#'
SERVER_LIBS='-lreadline -lpthread  -L/usr/lib/x86_64-linux-gnu -lglib-2.0  '
SERVER_TRUE=''
SET_MAKE=''
SHELL='/bin/bash'
STRIP='strip'
TEG_COMMONLIBS_CFLAGS='-I/usr/include/glib-2.0 -I/usr/lib/x86_64-linux-gnu/glib-2.0/include  '
TEG_COMMONLIBS_LIBS='-L/usr/lib/x86_64-linux-gnu -lglib-2.0  '
TEG_LIBGNOME_CFLAGS='-pthread -DORBIT2=1 -D_REENTRANT -I/usr/include/glib-2.0 -I/usr/lib/x86_64-linux-gnu/glib-2.0/include -I/usr/include/pango-1.0 -I/usr/include/freetype2 -I/usr/include/atk-1.0 -I/usr/include/gio-unix-2.0/ -I/usr/include/libpng12 -I/usr/include/libgnomeui-2.0 -I/usr/include/libart-2.0 -I/usr/include/gconf/2 -I/usr/include/gnome-keyring-1 -I/usr/include/libgnome-2.0 -I/usr/include/libbonoboui-2.0 -I/usr/include/libgnomecanvas-2.0 -I/usr/include/gtk-2.0 -I/usr/include/gdk-pixbuf-2.0 -I/usr/include/gnome-vfs-2.0 -I/usr/lib/gnome-vfs-2.0/include -I/usr/include/orbit-2.0 -I/usr/include/libbonobo-2.0 -I/usr/include/bonobo-activation-2.0 -I/usr/include/libxml2 -I/usr/include/gail-1.0 -I/usr/lib/gtk-2.0/include -I/usr/include/cairo -I/usr/include/pixman-1  '
TEG_LIBGNOME_LIBS='-pthread -L/usr/lib/x86_64-linux-gnu -lgnomeui-2 -lSM -lICE -lbonoboui-2 -lgnomevfs-2 -lgnomecanvas-2 -lgnome-2 -lpopt -lbonobo-2 -lbonobo-activation -lORBit-2 -lart_lgpl_2 -lgtk-x11-2.0 -lgdk-x11-2.0 -latk-1.0 -lgio-2.0 -lpangoft2-1.0 -lpangocairo-1.0 -lgdk_pixbuf-2.0 -lm -lcairo -lpango-1.0 -lfreetype -lfontconfig -lgconf-2 -lgmodule-2.0 -lgobject-2.0 -lgthread-2.0 -lrt -lglib-2.0  '
USE_NLS='yes'
VERSION='0.12'
XGETTEXT='/usr/bin/xgettext'
XML_CFLAGS='-I/usr/include/libxml2  '
XML_LIBS='-lxml2  '
ac_ct_CC='gcc'
ac_ct_CXX='g++'
ac_ct_DUMPBIN=''
am__EXEEXT_FALSE=''
am__EXEEXT_TRUE='#'
am__fastdepCC_FALSE='#'
am__fastdepCC_TRUE=''
am__fastdepCXX_FALSE='#'
am__fastdepCXX_TRUE=''
am__include='include'
am__isrc=''
am__leading_dot='.'
am__quote=''
am__tar='${AMTAR} chof - "$$tardir"'
am__untar='${AMTAR} xf -'
bindir='${exec_prefix}/bin'
build='x86_64-unknown-linux-gnu'
build_alias=''
build_cpu='x86_64'
build_os='linux-gnu'
build_vendor='unknown'
datadir='${datarootdir}'
datarootdir='${prefix}/share'
docdir='${datarootdir}/doc/${PACKAGE_TARNAME}'
dvidir='${docdir}'
exec_prefix='${prefix}'
ggz_config=''
ggzdatadir=''
ggzdconfdir='NONE'
ggzddatadir=''
ggzdexecmoddir=''
ggzdexecmodpath=''
ggzdmod_includes=''
ggzdmod_libraries=''
ggzexecmoddir=''
ggzmod_includes=''
ggzmod_libraries=''
ggzmoduleconfdir=''
gui_sources='gui-gnome'
host='x86_64-unknown-linux-gnu'
host_alias=''
host_cpu='x86_64'
host_os='linux-gnu'
host_vendor='unknown'
htmldir='${docdir}'
includedir='${prefix}/include'
infodir='${datarootdir}/info'
install_sh='${SHELL} /home/jeroen/workspace/teg/install-sh'
libdir='${exec_prefix}/lib'
libexecdir='${exec_prefix}/libexec'
localedir='${datarootdir}/locale'
localstatedir='${prefix}/var'
lt_ECHO='echo'
mandir='${datarootdir}/man'
mkdir_p='/bin/mkdir -p'
oldincludedir='/usr/include'
packagesrcdir=''
pdfdir='${docdir}'
prefix='/usr/local'
program_transform_name='s,x,x,'
psdir='${docdir}'
sbindir='${exec_prefix}/sbin'
sharedstatedir='${prefix}/com'
sysconfdir='${prefix}/etc'
target_alias=''

## ----------- ##
## confdefs.h. ##
## ----------- ##

/* confdefs.h */
#define PACKAGE_NAME "Tenes Empanadas Graciela"
#define PACKAGE_TARNAME "teg"
#define PACKAGE_VERSION "0.12"
#define PACKAGE_STRING "Tenes Empanadas Graciela 0.12"
#define PACKAGE_BUGREPORT "teg-list@lists.sourceforge.net"
#define PACKAGE_URL ""
#define PACKAGE "teg"
#define VERSION "0.12"
#define STDC_HEADERS 1
#define HAVE_SYS_TYPES_H 1
#define HAVE_SYS_STAT_H 1
#define HAVE_STDLIB_H 1
#define HAVE_STRING_H 1
#define HAVE_MEMORY_H 1
#define HAVE_STRINGS_H 1
#define HAVE_INTTYPES_H 1
#define HAVE_STDINT_H 1
#define HAVE_UNISTD_H 1
#define HAVE_DLFCN_H 1
#define LT_OBJDIR ".libs/"
#define PREFIX "/usr/local"
#define GETTEXT_PACKAGE "teg"
#define HAVE_LOCALE_H 1
#define HAVE_LC_MESSAGES 1
#define HAVE_BIND_TEXTDOMAIN_CODESET 1
#define HAVE_GETTEXT 1
#define HAVE_DCGETTEXT 1
#define ENABLE_NLS 1
#define LOCALEDIR "/usr/local/share/locale"
#define HAVE_PTHREADS 1
#define HAVE_LIBREADLINE 1
#define HAVE_INET_NTOP 1
#define STDC_HEADERS 1
#define HAVE_ARPA_INET_H 1
#define HAVE_NETDB_H 1
#define HAVE_NETINET_IN_H 1
#define HAVE_PWD_H 1
#define HAVE_SYS_IOCTL_H 1
#define HAVE_SYS_SELECT_H 1
#define HAVE_SYS_SIGNAL_H 1
#define HAVE_SYS_SOCKET_H 1
#define HAVE_SYS_TIME_H 1
#define HAVE_SYS_TYPES_H 1
#define HAVE_SYS_UIO_H 1
#define HAVE_TERMIOS_H 1
#define HAVE_UNISTD_H 1
#define TIME_WITH_SYS_TIME 1
#define RETSIGTYPE void
#define HAVE_VPRINTF 1
#define HAVE_FDOPEN 1
#define HAVE_GETHOSTNAME 1
#define HAVE_GETPWUID 1
#define HAVE_GETTIMEOFDAY 1
#define HAVE_SELECT 1
#define HAVE_STRERROR 1
#define HAVE_STRSTR 1
#define HAVE_USLEEP 1
#define HAVE_VSNPRINTF 1

configure: exit 0

## ---------------------- ##
## Running config.status. ##
## ---------------------- ##

This file was extended by Tenes Empanadas Graciela config.status 0.12, which was
generated by GNU Autoconf 2.67.  Invocation command line was

  CONFIG_FILES    = 
  CONFIG_HEADERS  = 
  CONFIG_LINKS    = 
  CONFIG_COMMANDS = 
  $ ./config.status 

on jeroen

config.status:1311: creating Makefile
config.status:1311: creating macros/Makefile
config.status:1311: creating po/Makefile.in
config.status:1311: creating po/Makefile
config.status:1311: creating common/Makefile
config.status:1311: creating server/Makefile
config.status:1311: creating client/Makefile
config.status:1311: creating client/teg_pix/Makefile
config.status:1311: creating client/themes/Makefile
config.status:1311: creating client/themes/m2/Makefile
config.status:1311: creating client/themes/sentimental/Makefile
config.status:1311: creating client/themes/draco/Makefile
config.status:1311: creating client/gui-gnome/Makefile
config.status:1311: creating client/gui-gnome/stock/Makefile
config.status:1311: creating robot/Makefile
config.status:1311: creating docs/Makefile
config.status:1311: creating docs/gnome-help/Makefile
config.status:1311: creating docs/gnome-help/C/Makefile
config.status:1311: creating docs/gnome-help/pl/Makefile
config.status:1311: creating ggz/Makefile
config.status:1311: creating ggz/teg.dsc
config.status:1311: creating ggz/tegclient.dsc
config.status:1311: creating metaserver/Makefile
config.status:1311: creating config.h
config.status:1491: config.h is unchanged
config.status:1539: executing depfiles commands
config.status:1539: executing libtool commands
config.status:1539: executing default-1 commands
config.status:1539: executing po/stamp-it commands
